This is pdfTeX, Version 3.14159265-2.6-1.40.16 (TeX Live 2015/Debian) (preloaded format=pdflatex 2016.7.31)  1 AUG 2016 19:25
entering extended mode
 restricted \write18 enabled.
 %&-line parsing enabled.
**camins_algorismes.tex
(./camins_algorismes.tex
LaTeX2e <2016/02/01>
Babel <3.9q> and hyphenation patterns for 8 language(s) loaded.
(/usr/share/texlive/texmf-dist/tex/latex/base/article.cls
Document Class: article 2014/09/29 v1.4h Standard LaTeX document class
(/usr/share/texlive/texmf-dist/tex/latex/base/size10.clo
File: size10.clo 2014/09/29 v1.4h Standard LaTeX file (size option)
)
\c@part=\count79
\c@section=\count80
\c@subsection=\count81
\c@subsubsection=\count82
\c@paragraph=\count83
\c@subparagraph=\count84
\c@figure=\count85
\c@table=\count86
\abovecaptionskip=\skip41
\belowcaptionskip=\skip42
\bibindent=\dimen102
)
(/usr/share/texlive/texmf-dist/tex/latex/base/fontenc.sty
Package: fontenc 2005/09/27 v1.99g Standard LaTeX package

(/usr/share/texlive/texmf-dist/tex/latex/base/t1enc.def
File: t1enc.def 2005/09/27 v1.99g Standard LaTeX file
LaTeX Font Info:    Redeclaring font encoding T1 on input line 48.
))
(/usr/share/texlive/texmf-dist/tex/latex/base/inputenc.sty
Package: inputenc 2015/03/17 v1.2c Input encoding file
\inpenc@prehook=\toks14
\inpenc@posthook=\toks15

(/usr/share/texlive/texmf-dist/tex/latex/base/latin9.def
File: latin9.def 2015/03/17 v1.2c Input encoding file
))
(/usr/share/texlive/texmf-dist/tex/generic/babel/babel.sty
Package: babel 2016/02/24 3.9q The Babel package

(/usr/share/texlive/texmf-dist/tex/generic/babel-english/english.ldf
Language: english 2012/08/20 v3.3p English support from the babel system

(/usr/share/texlive/texmf-dist/tex/generic/babel/babel.def
File: babel.def 2016/02/24 3.9q Babel common definitions
\babel@savecnt=\count87
\U@D=\dimen103
)
\l@canadian = a dialect from \language\l@american 
\l@australian = a dialect from \language\l@british 
\l@newzealand = a dialect from \language\l@british 
))
(./camins_algorismes.aux)
\openout1 = `camins_algorismes.aux'.

LaTeX Font Info:    Checking defaults for OML/cmm/m/it on input line 7.
LaTeX Font Info:    ... okay on input line 7.
LaTeX Font Info:    Checking defaults for T1/cmr/m/n on input line 7.
LaTeX Font Info:    ... okay on input line 7.
LaTeX Font Info:    Checking defaults for OT1/cmr/m/n on input line 7.
LaTeX Font Info:    ... okay on input line 7.
LaTeX Font Info:    Checking defaults for OMS/cmsy/m/n on input line 7.
LaTeX Font Info:    ... okay on input line 7.
LaTeX Font Info:    Checking defaults for OMX/cmex/m/n on input line 7.
LaTeX Font Info:    ... okay on input line 7.
LaTeX Font Info:    Checking defaults for U/cmr/m/n on input line 7.
LaTeX Font Info:    ... okay on input line 7.
LaTeX Font Info:    External font `cmex10' loaded for size
(Font)              <7> on input line 22.
LaTeX Font Info:    External font `cmex10' loaded for size
(Font)              <5> on input line 22.
 [1

{/var/lib/texmf/fonts/map/pdftex/updmap/pdftex.map}] (./camins_algorismes.aux) 
) 
Here is how much of TeX's memory you used:
 872 strings out of 494850
 9814 string characters out of 6178024
 64956 words of memory out of 5000000
 4229 multiletter control sequences out of 15000+600000
 8262 words of font info for 20 fonts, out of 8000000 for 9000
 62 hyphenation exceptions out of 8191
 24i,4n,23p,702b,115s stack positions out of 5000i,500n,10000p,200000b,80000s
 </home/aniol/.texmf-var/fonts/pk/ljfour/jknappen/ec/ecbx1000.600pk> </home/an
iol/.texmf-var/fonts/pk/ljfour/jknappen/ec/ecbx1200.600pk> </home/aniol/.texmf-
var/fonts/pk/ljfour/jknappen/ec/ecrm1000.600pk> </home/aniol/.texmf-var/fonts/p
k/ljfour/jknappen/ec/ecbx1440.600pk></usr/share/texlive/texmf-dist/fonts/type1/
public/amsfonts/cm/cmmi10.pfb></usr/share/texlive/texmf-dist/fonts/type1/public
/amsfonts/cm/cmmi7.pfb></usr/share/texlive/texmf-dist/fonts/type1/public/amsfon
ts/cm/cmr10.pfb></usr/share/texlive/texmf-dist/fonts/type1/public/amsfonts/cm/c
mr7.pfb></usr/share/texlive/texmf-dist/fonts/type1/public/amsfonts/cm/cmsy10.pf
b></usr/share/texlive/texmf-dist/fonts/type1/public/amsfonts/cm/cmsy7.pfb>
Output written on camins_algorismes.pdf (1 page, 72727 bytes).
PDF statistics:
 133 PDF objects out of 1000 (max. 8388607)
 38 compressed objects within 1 object stream
 0 named destinations out of 1000 (max. 500000)
 1 words of extra memory for PDF output out of 10000 (max. 10000000)

